<?xml version="1.0" encoding="UTF-8"?>
<!-- Generated by org.testng.reporters.JUnitXMLReporter -->
<testsuite ignored="0" hostname="DESKTOP-KV4UD3M" failures="0" tests="3" name="Default test" time="40.085" errors="0" timestamp="2024-09-29T17:32:05 IST">
  <testcase classname="MuraliKrishnaSG.Tests.StandaloneTest" name="submitorder" time="8.987"/>
  <testcase classname="MuraliKrishnaSG.Tests.StandaloneTest" name="submitorder" time="8.954"/>
  <testcase classname="MuraliKrishnaSG.Tests.StandaloneTest" name="OrderHistory" time="1.197"/>
</testsuite> <!-- Default test -->
