<?xml version="1.0" encoding="UTF-8"?>
<!-- Generated by org.testng.reporters.JUnitXMLReporter -->
<testsuite ignored="1" hostname="DESKTOP-KV4UD3M" failures="0" tests="1" name="Default test" time="9.815" errors="0" timestamp="2024-09-29T21:44:36 IST">
  <testcase classname="MuraliKrishnaSG.Tests.ErrorValidations" name="ProductValidatione" time="3.82"/>
  <testcase classname="MuraliKrishnaSG.Tests.ErrorValidations" name="LoginError" time="0.0">
    <ignored/>
  </testcase> <!-- LoginError -->
</testsuite> <!-- Default test -->
