<?xml version="1.0" encoding="UTF-8"?>
<!-- Generated by org.testng.reporters.JUnitXMLReporter -->
<testsuite ignored="0" hostname="DESKTOP-KV4UD3M" failures="0" tests="2" name="ErrorValidations" time="0.298" errors="0" timestamp="2024-09-29T17:06:46 IST">
  <testcase classname="MuraliKrishnaSG.Tests.ErrorValidations" name="LoginError" time="0.0">
    <skipped/>
  </testcase> <!-- LoginError -->
  <testcase classname="MuraliKrishnaSG.Tests.ErrorValidations" name="ProductValidatione" time="0.0">
    <skipped/>
  </testcase> <!-- ProductValidatione -->
</testsuite> <!-- ErrorValidations -->
