<?xml version="1.0" encoding="UTF-8"?>
<!-- Generated by org.testng.reporters.JUnitXMLReporter -->
<testsuite ignored="0" hostname="DESKTOP-KV4UD3M" failures="0" tests="3" name="Test" time="50.466" errors="0" timestamp="2024-09-01T12:58:01 IST">
  <testcase classname="MuraliKrishnaSG.Tests.ErrorValidations" name="LoginError" time="0.666"/>
  <testcase classname="MuraliKrishnaSG.Tests.ErrorValidations" name="ProductValidatione" time="16.273"/>
  <testcase classname="MuraliKrishnaSG.Tests.StandaloneTest" name="submitorder" time="19.418"/>
</testsuite> <!-- Test -->
