<?xml version="1.0" encoding="UTF-8"?>
<testng-results ignored="1" total="2" passed="1" failed="0" skipped="0">
  <reporter-output>
  </reporter-output>
  <suite started-at="2024-09-29T21:44:26 IST" name="Default suite" finished-at="2024-09-29T21:44:36 IST" duration-ms="9815">
    <groups>
    </groups>
    <test started-at="2024-09-29T21:44:26 IST" name="Default test" finished-at="2024-09-29T21:44:36 IST" duration-ms="9815">
      <class name="MuraliKrishnaSG.Tests.ErrorValidations">
        <test-method is-config="true" signature="launchapplication()[pri:0, instance:MuraliKrishnaSG.Tests.ErrorValidations@d86a6f]" started-at="2024-09-29T21:44:27 IST" name="launchapplication" finished-at="2024-09-29T21:44:32 IST" duration-ms="5671" status="PASS">
          <reporter-output>
          </reporter-output>
        </test-method> <!-- launchapplication -->
        <test-method signature="ProductValidatione()[pri:0, instance:MuraliKrishnaSG.Tests.ErrorValidations@d86a6f]" started-at="2024-09-29T21:44:32 IST" name="ProductValidatione" finished-at="2024-09-29T21:44:36 IST" duration-ms="3820" status="PASS">
          <reporter-output>
          </reporter-output>
        </test-method> <!-- ProductValidatione -->
        <test-method is-config="true" signature="teardown()[pri:0, instance:MuraliKrishnaSG.Tests.ErrorValidations@d86a6f]" started-at="2024-09-29T21:44:36 IST" name="teardown" finished-at="2024-09-29T21:44:36 IST" duration-ms="232" status="PASS">
          <reporter-output>
          </reporter-output>
        </test-method> <!-- teardown -->
      </class> <!-- MuraliKrishnaSG.Tests.ErrorValidations -->
    </test> <!-- Default test -->
  </suite> <!-- Default suite -->
</testng-results>
