<?xml version="1.0" encoding="UTF-8"?>
<testng-results ignored="0" total="3" passed="3" failed="0" skipped="0">
  <reporter-output>
  </reporter-output>
  <suite started-at="2024-09-29T17:31:25 IST" name="Default suite" finished-at="2024-09-29T17:32:05 IST" duration-ms="40085">
    <groups>
      <group name="Purchase">
        <method signature="StandaloneTest.submitorder(java.util.HashMap)[pri:0, instance:MuraliKrishnaSG.Tests.StandaloneTest@76a4ebf2]" name="submitorder" class="MuraliKrishnaSG.Tests.StandaloneTest"/>
      </group> <!-- Purchase -->
    </groups>
    <test started-at="2024-09-29T17:31:25 IST" name="Default test" finished-at="2024-09-29T17:32:05 IST" duration-ms="40085">
      <class name="MuraliKrishnaSG.Tests.StandaloneTest">
        <test-method is-config="true" signature="launchapplication()[pri:0, instance:MuraliKrishnaSG.Tests.StandaloneTest@76a4ebf2]" started-at="2024-09-29T17:31:25 IST" name="launchapplication" finished-at="2024-09-29T17:31:30 IST" duration-ms="5391" status="PASS">
          <reporter-output>
          </reporter-output>
        </test-method> <!-- launchapplication -->
        <test-method signature="submitorder(java.util.HashMap)[pri:0, instance:MuraliKrishnaSG.Tests.StandaloneTest@76a4ebf2]" started-at="2024-09-29T17:31:31 IST" name="submitorder" data-provider="getdata" finished-at="2024-09-29T17:31:39 IST" duration-ms="8987" status="PASS">
          <params>
            <param index="0">
              <value>
                <![CDATA[{password=Krishna57, Productname=ADIDAS ORIGINAL, email=krishna75@gmail.com}]]>
              </value>
            </param>
          </params>
          <reporter-output>
          </reporter-output>
        </test-method> <!-- submitorder -->
        <test-method is-config="true" signature="teardown()[pri:0, instance:MuraliKrishnaSG.Tests.StandaloneTest@76a4ebf2]" started-at="2024-09-29T17:31:40 IST" name="teardown" finished-at="2024-09-29T17:31:40 IST" duration-ms="307" status="PASS">
          <reporter-output>
          </reporter-output>
        </test-method> <!-- teardown -->
        <test-method is-config="true" signature="launchapplication()[pri:0, instance:MuraliKrishnaSG.Tests.StandaloneTest@76a4ebf2]" started-at="2024-09-29T17:31:40 IST" name="launchapplication" finished-at="2024-09-29T17:31:49 IST" duration-ms="9660" status="PASS">
          <reporter-output>
          </reporter-output>
        </test-method> <!-- launchapplication -->
        <test-method signature="submitorder(java.util.HashMap)[pri:0, instance:MuraliKrishnaSG.Tests.StandaloneTest@76a4ebf2]" started-at="2024-09-29T17:31:49 IST" name="submitorder" data-provider="getdata" finished-at="2024-09-29T17:31:58 IST" duration-ms="8954" status="PASS">
          <params>
            <param index="0">
              <value>
                <![CDATA[{password=Krishna57, Productname=ZARA COAT 3, email=krishna75@gmail.com}]]>
              </value>
            </param>
          </params>
          <reporter-output>
          </reporter-output>
        </test-method> <!-- submitorder -->
        <test-method is-config="true" signature="teardown()[pri:0, instance:MuraliKrishnaSG.Tests.StandaloneTest@76a4ebf2]" started-at="2024-09-29T17:31:58 IST" name="teardown" finished-at="2024-09-29T17:31:59 IST" duration-ms="274" status="PASS">
          <reporter-output>
          </reporter-output>
        </test-method> <!-- teardown -->
        <test-method is-config="true" signature="launchapplication()[pri:0, instance:MuraliKrishnaSG.Tests.StandaloneTest@76a4ebf2]" started-at="2024-09-29T17:31:59 IST" name="launchapplication" finished-at="2024-09-29T17:32:03 IST" duration-ms="4478" status="PASS">
          <reporter-output>
          </reporter-output>
        </test-method> <!-- launchapplication -->
        <test-method signature="OrderHistory()[pri:0, instance:MuraliKrishnaSG.Tests.StandaloneTest@76a4ebf2]" started-at="2024-09-29T17:32:03 IST" name="OrderHistory" finished-at="2024-09-29T17:32:04 IST" depends-on-methods="MuraliKrishnaSG.Tests.StandaloneTest.submitorder" duration-ms="1197" status="PASS">
          <reporter-output>
          </reporter-output>
        </test-method> <!-- OrderHistory -->
        <test-method is-config="true" signature="teardown()[pri:0, instance:MuraliKrishnaSG.Tests.StandaloneTest@76a4ebf2]" started-at="2024-09-29T17:32:04 IST" name="teardown" finished-at="2024-09-29T17:32:05 IST" duration-ms="249" status="PASS">
          <reporter-output>
          </reporter-output>
        </test-method> <!-- teardown -->
      </class> <!-- MuraliKrishnaSG.Tests.StandaloneTest -->
    </test> <!-- Default test -->
  </suite> <!-- Default suite -->
</testng-results>
