<?xml version="1.0" encoding="UTF-8"?>
<!-- Generated by org.testng.reporters.JUnitXMLReporter -->
<testsuite ignored="1" hostname="DESKTOP-KV4UD3M" failures="0" tests="2" name="StandaloneTest" time="29.127" errors="0" timestamp="2024-09-07T00:19:41 IST">
  <testcase classname="MuraliKrishnaSG.Tests.StandaloneTest" name="submitorder" time="9.203"/>
  <testcase classname="MuraliKrishnaSG.Tests.StandaloneTest" name="submitorder" time="8.953"/>
  <testcase classname="MuraliKrishnaSG.Tests.StandaloneTest" name="OrderHistory" time="0.0">
    <ignored/>
  </testcase> <!-- OrderHistory -->
</testsuite> <!-- StandaloneTest -->
